<?xml version="1.0" encoding="UTF-8"?>
<!-- Generated by org.testng.reporters.JUnitXMLReporter -->
<testsuite ignored="2" hostname="BA-000708631" failures="0" tests="1" name="Command line test" time="24.746" errors="0" timestamp="2025-06-19T22:57:36 IST">
  <testcase classname="tests.LoginTest" name="loginTest" time="21.578"/>
  <testcase classname="utils.BaseTest" name="@BeforeSuite startReport" time="0.0">
    <ignored/>
  </testcase> <!-- @BeforeSuite startReport -->
  <testcase classname="utils.BaseTest" name="@AfterSuite flushReports" time="0.0">
    <ignored/>
  </testcase> <!-- @AfterSuite flushReports -->
</testsuite> <!-- Command line test -->
