<?xml version="1.0" encoding="UTF-8"?>
<testng-results ignored="0" total="1" passed="1" failed="0" skipped="0">
  <reporter-output>
  </reporter-output>
  <suite started-at="2025-06-19T22:57:12 IST" name="Command line suite" finished-at="2025-06-19T22:57:36 IST" duration-ms="24746">
    <groups>
    </groups>
    <test started-at="2025-06-19T22:57:12 IST" name="Command line test" finished-at="2025-06-19T22:57:36 IST" duration-ms="24746">
      <class name="tests.LoginTest">
        <test-method is-config="true" signature="startReport()[pri:0, instance:tests.LoginTest@780cb77]" started-at="2025-06-19T22:57:11 IST" name="startReport" finished-at="2025-06-19T22:57:12 IST" duration-ms="255" status="PASS">
          <reporter-output>
          </reporter-output>
        </test-method> <!-- startReport -->
        <test-method is-config="true" signature="setup()[pri:0, instance:tests.LoginTest@780cb77]" started-at="2025-06-19T22:57:12 IST" name="setup" finished-at="2025-06-19T22:57:14 IST" duration-ms="2592" status="PASS">
          <reporter-output>
          </reporter-output>
        </test-method> <!-- setup -->
        <test-method signature="loginTest()[pri:0, instance:tests.LoginTest@780cb77]" started-at="2025-06-19T22:57:14 IST" name="loginTest" finished-at="2025-06-19T22:57:36 IST" duration-ms="21578" status="PASS">
          <reporter-output>
          </reporter-output>
        </test-method> <!-- loginTest -->
        <test-method is-config="true" signature="tearDown()[pri:0, instance:tests.LoginTest@780cb77]" started-at="2025-06-19T22:57:36 IST" name="tearDown" finished-at="2025-06-19T22:57:36 IST" duration-ms="546" status="PASS">
          <reporter-output>
          </reporter-output>
        </test-method> <!-- tearDown -->
        <test-method is-config="true" signature="flushReports()[pri:0, instance:tests.LoginTest@780cb77]" started-at="2025-06-19T22:57:36 IST" name="flushReports" finished-at="2025-06-19T22:57:37 IST" duration-ms="363" status="PASS">
          <reporter-output>
          </reporter-output>
        </test-method> <!-- flushReports -->
      </class> <!-- tests.LoginTest -->
    </test> <!-- Command line test -->
  </suite> <!-- Command line suite -->
</testng-results>
