<?xml version="1.0" encoding="UTF-8"?>
<testng-results ignored="0" total="2" passed="2" failed="0" skipped="0">
  <reporter-output>
  </reporter-output>
  <suite started-at="2025-06-19T23:03:45 IST" name="Parallel Suite" finished-at="2025-06-19T23:04:02 IST" duration-ms="16975">
    <groups>
    </groups>
    <test started-at="2025-06-19T23:03:45 IST" name="Login Test New" finished-at="2025-06-19T23:04:00 IST" duration-ms="14973">
      <class name="tests.LoginTest">
        <test-method is-config="true" signature="startReport()[pri:0, instance:tests.LoginTest@7e6f74c]" started-at="2025-06-19T23:03:44 IST" name="startReport" finished-at="2025-06-19T23:03:45 IST" duration-ms="267" status="PASS">
          <reporter-output>
          </reporter-output>
        </test-method> <!-- startReport -->
        <test-method is-config="true" signature="setup()[pri:0, instance:tests.LoginTest@7e6f74c]" started-at="2025-06-19T23:03:45 IST" name="setup" finished-at="2025-06-19T23:03:49 IST" duration-ms="4090" status="PASS">
          <reporter-output>
          </reporter-output>
        </test-method> <!-- setup -->
        <test-method signature="loginTest()[pri:0, instance:tests.LoginTest@7e6f74c]" started-at="2025-06-19T23:03:49 IST" name="loginTest" finished-at="2025-06-19T23:03:57 IST" duration-ms="8135" status="PASS">
          <reporter-output>
          </reporter-output>
        </test-method> <!-- loginTest -->
        <test-method is-config="true" signature="tearDown()[pri:0, instance:tests.LoginTest@7e6f74c]" started-at="2025-06-19T23:03:57 IST" name="tearDown" finished-at="2025-06-19T23:04:00 IST" duration-ms="2704" status="PASS">
          <reporter-output>
          </reporter-output>
        </test-method> <!-- tearDown -->
        <test-method is-config="true" signature="flushReports()[pri:0, instance:tests.LoginTest@7e6f74c]" started-at="2025-06-19T23:04:02 IST" name="flushReports" finished-at="2025-06-19T23:04:02 IST" duration-ms="344" status="PASS">
          <reporter-output>
          </reporter-output>
        </test-method> <!-- flushReports -->
      </class> <!-- tests.LoginTest -->
    </test> <!-- Login Test New -->
    <test started-at="2025-06-19T23:03:45 IST" name="Login Test" finished-at="2025-06-19T23:04:02 IST" duration-ms="16975">
      <class name="tests.LoginTest">
        <test-method is-config="true" signature="setup()[pri:0, instance:tests.LoginTest@34123d65]" started-at="2025-06-19T23:03:45 IST" name="setup" finished-at="2025-06-19T23:03:50 IST" duration-ms="5058" status="PASS">
          <reporter-output>
          </reporter-output>
        </test-method> <!-- setup -->
        <test-method signature="loginTest()[pri:0, instance:tests.LoginTest@34123d65]" started-at="2025-06-19T23:03:50 IST" name="loginTest" finished-at="2025-06-19T23:03:58 IST" duration-ms="8732" status="PASS">
          <reporter-output>
          </reporter-output>
        </test-method> <!-- loginTest -->
        <test-method is-config="true" signature="tearDown()[pri:0, instance:tests.LoginTest@34123d65]" started-at="2025-06-19T23:03:58 IST" name="tearDown" finished-at="2025-06-19T23:04:02 IST" duration-ms="3142" status="PASS">
          <reporter-output>
          </reporter-output>
        </test-method> <!-- tearDown -->
      </class> <!-- tests.LoginTest -->
    </test> <!-- Login Test -->
  </suite> <!-- Parallel Suite -->
</testng-results>
